  main.cpp
  C3dMarker.cpp
  C3dMarkers.cpp
  CAEAudioEntity.cpp
  CAERadioTrackManager.cpp
  CAESound.cpp
  CAEWeaponAudioEntity.cpp
  CAEWeatherAudioEntity.cpp
  CAnimatedBuilding.cpp
  CAnimBlendAssocGroup.cpp
  CAnimBlendAssociation.cpp
  CAnimBlendHierarchy.cpp
  CAnimBlendNode.cpp
  CAnimBlendSequence.cpp
  CAnimBlendStaticAssociation.cpp
  CAnimManager.cpp
  CAtomicModelInfo.cpp
  CAutomobile.cpp
  CBaseModelInfo.cpp
  CBike.cpp
  CBirds.cpp
  CBmx.cpp
  CBoat.cpp
  CBouncingPanel.cpp
  CBoundingBox.cpp
  CBox.cpp
  CBrightLights.cpp
  CBuilding.cpp
  CBulletInfo.cpp
  CBulletTrace.cpp
  CBulletTraces.cpp
  CCamera.cpp
  CCarAI.cpp
  CCarCtrl.cpp
  CCarEnterExit.cpp
  CCarGenerator.cpp
  CCheat.cpp
  CCheckpoint.cpp
  CCheckpoints.cpp
  CCivilianPed.cpp
  CClock.cpp
  CClothes.cpp
  CClothesBuilder.cpp
  CClouds.cpp
  CClumpModelInfo.cpp
  CColBox.cpp
  CColDisk.cpp
  CColLine.cpp
  CCollision.cpp
  CCollisionData.cpp
  CColModel.cpp
  CColourSet.cpp
  CColPoint.cpp
  CColSphere.cpp
  CColTriangle.cpp
  CColTrianglePlane.cpp
  CControllerConfigManager.cpp
  CCopPed.cpp
  CCoronas.cpp
  CCredits.cpp
  CCreepingFire.cpp
  CCustomCarEnvMapPipeline.cpp
  CCustomCarPlateMgr.cpp
  CCutsceneMgr.cpp
  CCutsceneObject.cpp
  CDamageManager.cpp
  CDarkel.cpp
  CDecision.cpp
  CDecisionSimple.cpp
  CDirectory.cpp
  CDoor.cpp
  CDraw.cpp
  CDummy.cpp
  CDummyObject.cpp
  CDummyPed.cpp
  CEmergencyPed.cpp
  CEntity.cpp
  CEntryExit.cpp
  CEntryExitManager.cpp
  CExplosion.cpp
  CFileLoader.cpp
  CFileMgr.cpp
  CFire.cpp
  CFireManager.cpp
  CFont.cpp
  CGame.cpp
  CGamma.cpp
  CGarages.cpp
  CGeneral.cpp
  cHandlingDataMgr.cpp
  CHandObject.cpp
  CHeli.cpp
  CHud.cpp
  CHudColours.cpp
  CIniFile.cpp
  CIplStore.cpp
  CKeyGen.cpp
  CLoadedCarGroup.cpp
  CLoadingScreen.cpp
  CLocalisation.cpp
  CMatrix.cpp
  CMatrixLink.cpp
  CMenuManager.cpp
  CMenuSystem.cpp
  CMessages.cpp
  CMirrors.cpp
  CMissionCleanup.cpp
  CModelInfo.cpp
  CModelInfoAccelerator.cpp
  CMonsterTruck.cpp
  CMotionBlurStreaks.cpp
  CObject.cpp
  COctTree.cpp
  COctTreeBase.cpp
  common.cpp
  CompressedVector.cpp
  CPad.cpp
  CPathFind.cpp
  CPed.cpp
  CPedClothesDesc.cpp
  CPedIK.cpp
  CPedIntelligence.cpp
  CPedModelInfo.cpp
  CPhysical.cpp
  CPickup.cpp
  CPickups.cpp
  CPlaceable.cpp
  CPlane.cpp
  CPlaneTrail.cpp
  CPlaneTrails.cpp
  CPlayerPed.cpp
  CPointLights.cpp
  CPolyBunch.cpp
  CPools.cpp
  CPopCycle.cpp
  CPopulation.cpp
  CProjectile.cpp
  CProjectileInfo.cpp
  CPtrList.cpp
  CPtrListDoubleLink.cpp
  CPtrListSingleLink.cpp
  CPtrNodeDoubleLink.cpp
  CPtrNodeSingleLink.cpp
  CQuadBike.cpp
  CQuadTreeNode.cpp
  CQuaternion.cpp
  CRadar.cpp
  CRealTimeShadow.cpp
  CRect.cpp
  CReferences.cpp
  CRegisteredCorona.cpp
  CRegisteredMotionBlurStreak.cpp
  CRenderer.cpp
  CRestart.cpp
  CRGBA.cpp
  CRope.cpp
  CRopes.cpp
  CRunningScript.cpp
  CScene.cpp
  CSetPiece.cpp
  CSetPieces.cpp
  CShadowCamera.cpp
  CShadows.cpp
  CShinyTexts.cpp
  CShotInfo.cpp
  CSimpleTransform.cpp
  CSpecialFX.cpp
  CSpecialPlateHandler.cpp
  CSphere.cpp
  CSprite.cpp
  CSprite2d.cpp
  CStats.cpp
  CStreaming.cpp
  CStreamingInfo.cpp
  CTask.cpp
  CTaskComplex.cpp
  CTaskComplexCopInCar.cpp
  CTaskComplexDie.cpp
  CTaskComplexEnterBoatAsDriver.cpp
  CTaskComplexEnterCar.cpp
  CTaskComplexEnterCarAsDriver.cpp
  CTaskComplexEnterCarAsPassenger.cpp
  CTaskComplexFacial.cpp
  CTaskComplexKillPedFromBoat.cpp
  CTaskComplexKillPedOnFoot.cpp
  CTaskComplexLeaveCar.cpp
  CTaskComplexPlayHandSignalAnim.cpp
  CTaskComplexProstituteSolicit.cpp
  CTaskComplexSunbathe.cpp
  CTaskComplexUseMobilePhone.cpp
  CTaskComplexWander.cpp
  CTaskComplexWanderStandard.cpp
  CTaskManager.cpp
  CTaskSimple.cpp
  CTaskSimpleAnim.cpp
  CTaskSimpleCarSetPedInAsDriver.cpp
  CTaskSimpleCarSetPedInAsPassenger.cpp
  CTaskSimpleCarSetPedOut.cpp
  CTaskSimpleChoking.cpp
  CTaskSimpleClimb.cpp
  CTaskSimpleDuck.cpp
  CTaskSimpleFacial.cpp
  CTaskSimpleFight.cpp
  CTaskSimpleGangDriveBy.cpp
  CTaskSimpleHoldEntity.cpp
  CTaskSimpleIKChain.cpp
  CTaskSimpleIKLookAt.cpp
  CTaskSimpleIKManager.cpp
  CTaskSimpleInAir.cpp
  CTaskSimpleJetPack.cpp
  CTaskSimplePlayerOnFoot.cpp
  CTaskSimpleRunAnim.cpp
  CTaskSimpleRunNamedAnim.cpp
  CTaskSimpleStandStill.cpp
  CTaskSimpleStealthKill.cpp
  CTaskSimpleSwim.cpp
  CTaskSimpleThrowProjectile.cpp
  CTaskSimpleTriggerLookAt.cpp
  CTaskSimpleUseGun.cpp
  CTaskTimer.cpp
  CTaskUtilityLineUpPedWithCar.cpp
  CText.cpp
  CTheCarGenerators.cpp
  CTheScripts.cpp
  CTheZones.cpp
  CTimeCycle.cpp
  CTimeModelInfo.cpp
  CTimer.cpp
  CTrailer.cpp
  CTrain.cpp
  CTrainNode.cpp
  cTransmission.cpp
  CTxdStore.cpp
  CUserDisplay.cpp
  CVector.cpp
  CVector2D.cpp
  CVehicle.cpp
  CVehicleModelInfo.cpp
  CVisibilityPlugins.cpp
  CWanted.cpp
  CWeapon.cpp
  CWeaponEffects.cpp
  CWeaponInfo.cpp
  CWeaponModelInfo.cpp
  CWeather.cpp
  CWorld.cpp
  CZone.cpp
  D3DIndexDataBuffer.cpp
  D3DResourceSystem.cpp
  D3DTextureBuffer.cpp
  FxBox_c.cpp
  FxFrustumInfo_c.cpp
  FxManager_c.cpp
  FxMemoryPool_c.cpp
  FxPlane_c.cpp
  FxPrtMult_c.cpp
  FxSphere_c.cpp
  FxSystemBP_c.cpp
  FxSystem_c.cpp
  Fx_c.cpp
  JPegCompress.cpp
  ListItem_c.cpp
  List_c.cpp
  NodeName.cpp
  PipelinePlugin.cpp
  RenderWare.cpp
  TxdDef.cpp
  BitStream.cpp
LINK : warning LNK4098: библиотека по умолчанию "LIBCMT" противоречит использованию других библиотек; используйте параметр /NODEFAULTLIB:library
  Создание кода
  Создание кода завершено
  client.vcxproj -> C:\Users\Admin\Desktop\sampvoice-2.1\bin\sampvoice.asi
